<?xml version="1.0" encoding="UTF-8"?>
<!-- Generated by org.testng.reporters.JUnitReportReporter -->
<testsuite hostname="MAVBCP3166" failures="0" tests="2" name="com.picnic.examplemavsel.CrossBrowsersScript" time="372.308" errors="0" timestamp="2021-09-27T09:32:36 IST" skipped="0">
  <testcase classname="com.picnic.examplemavsel.CrossBrowsersScript" name="testParameterWithXML" time="192.725"/>
  <system-out/>
  <testcase classname="com.picnic.examplemavsel.CrossBrowsersScript" name="testParameterWithXML" time="179.583"/>
  <system-out/>
</testsuite> <!-- com.picnic.examplemavsel.CrossBrowsersScript -->
