<?xml version="1.0" encoding="UTF-8"?>
<!-- Generated by org.testng.reporters.JUnitReportReporter -->
<testsuite hostname="MAVBCP3166" failures="0" tests="1" name="com.picnic.examplemavsel.IndividualActivity" time="38.131" errors="0" timestamp="2021-09-27T12:34:17 IST" skipped="0">
  <testcase classname="com.picnic.examplemavsel.IndividualActivity" name="selenium1" time="38.131"/>
  <system-out/>
</testsuite> <!-- com.picnic.examplemavsel.IndividualActivity -->
